<?xml version="1.0" encoding="UTF-8"?>
<!-- Generated by org.testng.reporters.JUnitReportReporter -->
<testsuite hostname="LAPTOP-QUMG6PNP" failures="0" tests="1" name="TestNg.Test3" time="0.001" errors="0" timestamp="2023-02-08T21:03:56 IST" skipped="0">
  <testcase classname="TestNg.Test3" name="test31" time="0.001"/>
  <system-out/>
</testsuite> <!-- TestNg.Test3 -->
