<?xml version="1.0" encoding="UTF-8"?>
<!-- Generated by org.testng.reporters.JUnitReportReporter -->
<testsuite hostname="LAPTOP-QUMG6PNP" failures="0" tests="3" name="TestNg.Test1" time="0.008" errors="0" timestamp="2023-02-08T21:03:56 IST" skipped="0">
  <testcase classname="TestNg.Test1" name="test12" time="0.001"/>
  <system-out/>
  <testcase classname="TestNg.Test1" name="test11" time="0.004"/>
  <system-out/>
  <testcase classname="TestNg.Test1" name="test13" time="0.003"/>
  <system-out/>
</testsuite> <!-- TestNg.Test1 -->
